<?xml version="1.0" encoding="UTF-8"?>
<!-- Generated by org.testng.reporters.JUnitReportReporter -->
<testsuite hostname="LAPTOP-8SIRK18I" failures="0" tests="1" name="org.hrms.testscripts.TC_002" time="10.344" errors="0" timestamp="13 Mar 2024 10:07:32 GMT">
  <testcase classname="org.hrms.testscripts.TC_002" name="meth" time="10.344"/>
</testsuite> <!-- org.hrms.testscripts.TC_002 -->
